<?xml version="1.0" encoding="UTF-8"?>
<!-- Generated by org.testng.reporters.JUnitReportReporter -->
<testsuite hostname="Vivek" failures="0" tests="1" name="PriceBook.CreateNewPriceBookTest" time="8.648" errors="0" timestamp="2023-08-15T08:58:54 IST" skipped="0">
  <testcase classname="PriceBook.CreateNewPriceBookTest" name="createNewPriceBookTest" time="8.648"/>
  <system-out/>
</testsuite> <!-- PriceBook.CreateNewPriceBookTest -->
