<?xml version="1.0" encoding="UTF-8"?>
<!-- Generated by org.testng.reporters.JUnitReportReporter -->
<testsuite hostname="Vivek" failures="0" tests="1" name="TroubleTickets.CreateTroubleTicketsWithContact" time="17.075" errors="0" timestamp="2023-07-15T18:07:47 IST" skipped="0">
  <testcase classname="TroubleTickets.CreateTroubleTicketsWithContact" name="createTroubleTicketsTest" time="17.075"/>
  <system-out>
    <![CDATA[Gandhi483 create successfully...!]]>
  </system-out>
</testsuite> <!-- TroubleTickets.CreateTroubleTicketsWithContact -->
