<?xml version="1.0" encoding="UTF-8"?>
<!-- Generated by org.testng.reporters.JUnitReportReporter -->
<testsuite hostname="Vivek" failures="0" tests="1" name="Documents.CreateDocumentUsingDescriptionTest" time="21.077" errors="0" timestamp="2023-07-14T12:02:24 IST" skipped="0">
  <testcase classname="Documents.CreateDocumentUsingDescriptionTest" name="createDocumentTest" time="21.077"/>
  <system-out/>
</testsuite> <!-- Documents.CreateDocumentUsingDescriptionTest -->
