<?xml version="1.0" encoding="UTF-8"?>
<!-- Generated by org.testng.reporters.JUnitReportReporter -->
<testsuite hostname="Vivek" failures="0" tests="1" name="Documents.CreateDoucumentTest" time="15.116" errors="0" timestamp="2023-07-15T15:33:37 IST" skipped="0">
  <testcase classname="Documents.CreateDoucumentTest" name="createDocumentTest" time="15.116"/>
  <system-out/>
</testsuite> <!-- Documents.CreateDoucumentTest -->
