<?xml version="1.0" encoding="UTF-8"?>
<!-- Generated by org.testng.reporters.JUnitReportReporter -->
<testsuite hostname="Vivek" failures="0" tests="1" name="Documents.CreateDoucumentTest" time="17.690" errors="0" timestamp="2023-07-14T12:14:20 IST" skipped="0">
  <testcase classname="Documents.CreateDoucumentTest" name="createDocumentTest" time="17.690"/>
  <system-out/>
</testsuite> <!-- Documents.CreateDoucumentTest -->
