<?xml version="1.0" encoding="UTF-8"?>
<!-- Generated by org.testng.reporters.JUnitReportReporter -->
<testsuite hostname="Vivek" failures="0" tests="1" name="Contacts.CreateContactTest" time="35.219" errors="0" timestamp="2023-08-06T00:57:00 IST" skipped="0">
  <testcase classname="Contacts.CreateContactTest" name="createContactTest" time="35.219"/>
  <system-out>
    <![CDATA[Organisation link click successful
Create Organisation look up IMG link click successful
Organisation & Industry entered successful
Bipro548 create successfully...!
Contacts page display
Contacts page click Successful
Lasname & Orgname entered Successful
Gandhi548 create successfully...!]]>
  </system-out>
</testsuite> <!-- Contacts.CreateContactTest -->
