<?xml version="1.0" encoding="UTF-8"?>
<!-- Generated by org.testng.reporters.JUnitReportReporter -->
<testsuite hostname="Vivek" failures="0" tests="1" name="TroubleTickets.CreateTroubleTicketUsingGroupWithTeamSellingTest" time="17.258" errors="0" timestamp="2023-07-15T18:37:17 IST" skipped="0">
  <testcase classname="TroubleTickets.CreateTroubleTicketUsingGroupWithTeamSellingTest" name="createTroubleTicketUsingGroupWithTeamSellingTest" time="17.258"/>
  <system-out>
    <![CDATA[Organisation & Industry entered successful]]>
  </system-out>
</testsuite> <!-- TroubleTickets.CreateTroubleTicketUsingGroupWithTeamSellingTest -->
