<?xml version="1.0" encoding="UTF-8"?>
<!-- Generated by org.testng.reporters.JUnitReportReporter -->
<testsuite hostname="Vivek" failures="0" tests="1" name="SalesOrder.CreateSalesOrder" time="12.319" errors="0" timestamp="2023-07-21T11:38:18 IST" skipped="0">
  <testcase classname="SalesOrder.CreateSalesOrder" name="createSalesOrderTest" time="12.319"/>
  <system-out/>
</testsuite> <!-- SalesOrder.CreateSalesOrder -->
