<?xml version="1.0" encoding="UTF-8"?>
<!-- Generated by org.testng.reporters.JUnitReportReporter -->
<testsuite hostname="Vivek" failures="0" tests="1" name="Opportunities.CreateOpportunitiesTest" time="27.019" errors="0" timestamp="2023-07-03T22:37:49 IST" skipped="0">
  <testcase classname="Opportunities.CreateOpportunitiesTest" name="createOpportunitiesTest" time="27.019"/>
  <system-out>
    <![CDATA[Opportunities page is diplayed.
Creating New Opportunity page is displyed.]]>
  </system-out>
</testsuite> <!-- Opportunities.CreateOpportunitiesTest -->
