<?xml version="1.0" encoding="UTF-8"?>
<!-- Generated by org.testng.reporters.JUnitReportReporter -->
  <system-out>
    <![CDATA[Opportunities page is diplayed.
Creating New Opportunity page is displyed.]]>
  </system-out>
</testsuite> <!-- Opportunities.CreateOpportunitiesTest -->
