<?xml version="1.0" encoding="UTF-8"?>
<!-- Generated by org.testng.reporters.JUnitReportReporter -->
<testsuite hostname="Vivek" failures="0" tests="1" name="Documents.CreateDocumentUsingDescriptionTest" time="17.126" errors="0" timestamp="2023-07-15T15:33:37 IST" skipped="0">
  <testcase classname="Documents.CreateDocumentUsingDescriptionTest" name="createDocumentTest" time="17.126"/>
  <system-out/>
</testsuite> <!-- Documents.CreateDocumentUsingDescriptionTest -->
