<?xml version="1.0" encoding="UTF-8"?>
<!-- Generated by org.testng.reporters.JUnitReportReporter -->
<testsuite hostname="Vivek" failures="0" tests="1" name="Organisation.CreateOrganizationWithChemicalsTest" time="90.775" errors="0" timestamp="2023-07-05T13:47:41 IST" skipped="0">
  <testcase classname="Organisation.CreateOrganizationWithChemicalsTest" name="createOrganizationWithChemicalsTest" time="90.775"/>
  <system-out>
    <![CDATA[Organisation link click successful
Create Organisation look up IMG link click successful
Organisation & Industry entered successful
Bipro179 create successfully...!]]>
  </system-out>
</testsuite> <!-- Organisation.CreateOrganizationWithChemicalsTest -->
