<?xml version="1.0" encoding="UTF-8"?>
<!-- Generated by org.testng.reporters.JUnitReportReporter -->
<testsuite hostname="Vivek" failures="0" tests="1" name="Vendors.CreateNewVendorsTest" time="19.971" errors="0" timestamp="2023-08-19T21:07:09 IST" skipped="0">
  <testcase classname="Vendors.CreateNewVendorsTest" name="createNewVendorsTest" time="19.971"/>
  <system-out/>
</testsuite> <!-- Vendors.CreateNewVendorsTest -->
