<?xml version="1.0" encoding="UTF-8"?>
<!-- Generated by org.testng.reporters.JUnitReportReporter -->
<testsuite hostname="Vivek" failures="0" tests="1" name="Leads.CreateLeadsWithLeadSourceTest" time="15.904" errors="0" timestamp="2023-06-24T23:32:25 IST" skipped="0">
  <testcase classname="Leads.CreateLeadsWithLeadSourceTest" name="createLeadWithLeadSourceTest" time="15.904"/>
  <system-out>
    <![CDATA[New Leads created sucessfully..!]]>
  </system-out>
</testsuite> <!-- Leads.CreateLeadsWithLeadSourceTest -->
