<?xml version="1.0" encoding="UTF-8"?>
<!-- Generated by org.testng.reporters.JUnitReportReporter -->
<testsuite hostname="Vivek" failures="0" tests="1" name="Leads.CreateLeadsWithLeadSourceTest" time="16.503" errors="0" timestamp="2023-06-25T06:57:17 IST" skipped="0">
  <testcase classname="Leads.CreateLeadsWithLeadSourceTest" name="createLeadWithLeadSourceTest" time="16.503"/>
  <system-out>
    <![CDATA[Leads page is display 
Create New Lead page is display 
New Leads created sucessfully..!]]>
  </system-out>
</testsuite> <!-- Leads.CreateLeadsWithLeadSourceTest -->
