<?xml version="1.0" encoding="UTF-8"?>
<!-- Generated by org.testng.reporters.JUnitReportReporter -->
<<<<<<< HEAD
<testsuite hostname="Vivek" failures="0" tests="1" name="Organisation.CreateOrganizationWithChemicalsTest" time="90.775" errors="0" timestamp="2023-07-05T13:47:41 IST" skipped="0">
  <testcase classname="Organisation.CreateOrganizationWithChemicalsTest" name="createOrganizationWithChemicalsTest" time="90.775"/>
=======
<testsuite hostname="Vivek" failures="0" tests="1" name="Organisation.CreateOrganizationWithChemicalsTest" time="36.287" errors="0" timestamp="2023-07-03T16:15:49 IST" skipped="0">
  <testcase classname="Organisation.CreateOrganizationWithChemicalsTest" name="createOrganizationWithChemicalsTest" time="36.287"/>
>>>>>>> branch 'Opprtunities_Module' of https://github.com/vivekmendhe022/VTiger-ProjectV3.0.0.git
  <system-out>
    <![CDATA[Organisation link click successful
Create Organisation look up IMG link click successful
Organisation & Industry entered successful
<<<<<<< HEAD
Bipro179 create successfully...!]]>
=======
Bipro28 create successfully...!]]>
>>>>>>> branch 'Opprtunities_Module' of https://github.com/vivekmendhe022/VTiger-ProjectV3.0.0.git
  </system-out>
</testsuite> <!-- Organisation.CreateOrganizationWithChemicalsTest -->
