<?xml version="1.0" encoding="UTF-8"?>
<!-- Generated by org.testng.reporters.JUnitReportReporter -->
<testsuite hostname="Vivek" failures="0" tests="1" name="Campaigns.CreateCampaignsTest" time="15.758" errors="0" timestamp="2023-07-15T15:33:37 IST" skipped="0">
  <testcase classname="Campaigns.CreateCampaignsTest" name="createCampaignsTest" time="15.758"/>
  <system-out>
    <![CDATA[Campaings created.]]>
  </system-out>
</testsuite> <!-- Campaigns.CreateCampaignsTest -->
