<?xml version="1.0" encoding="UTF-8"?>
<!-- Generated by org.testng.reporters.JUnitReportReporter -->
<testsuite hostname="Vivek" failures="0" tests="1" name="Product.CreateProductTest" time="18.322" errors="0" timestamp="2023-07-15T19:49:00 IST" skipped="0">
  <testcase classname="Product.CreateProductTest" name="createProductTest" time="18.322"/>
  <system-out/>
</testsuite> <!-- Product.CreateProductTest -->
