<?xml version="1.0" encoding="UTF-8"?>
<!-- Generated by org.testng.reporters.JUnitReportReporter -->
<testsuite hostname="Vivek" failures="0" tests="1" name="Documents.CreateDoucumentTest" time="18.019" errors="0" timestamp="2023-08-06T00:57:00 IST" skipped="0">
  <testcase classname="Documents.CreateDoucumentTest" name="createDocumentTest" time="18.019"/>
  <system-out/>
</testsuite> <!-- Documents.CreateDoucumentTest -->
