<?xml version="1.0" encoding="UTF-8"?>
<!-- Generated by org.testng.reporters.JUnitReportReporter -->
<testsuite hostname="Vivek" failures="0" tests="1" name="ServiceContracts.CreateNewServiceContractsTest" time="10.096" errors="0" timestamp="2023-08-20T23:55:09 IST" skipped="0">
  <testcase classname="ServiceContracts.CreateNewServiceContractsTest" name="createNewServiceContractsTest" time="10.096"/>
  <system-out/>
</testsuite> <!-- ServiceContracts.CreateNewServiceContractsTest -->
