<?xml version="1.0" encoding="UTF-8"?>
<!-- Generated by org.testng.reporters.JUnitReportReporter -->
<testsuite hostname="Vivek" failures="0" tests="1" name="TroubleTickets.CreateTroubleTicketsTest" time="18.303" errors="0" timestamp="2023-08-06T00:57:00 IST" skipped="0">
  <testcase classname="TroubleTickets.CreateTroubleTicketsTest" name="createTroubleTicketsTest" time="18.303"/>
  <system-out/>
</testsuite> <!-- TroubleTickets.CreateTroubleTicketsTest -->
