<?xml version="1.0" encoding="UTF-8"?>
<!-- Generated by org.testng.reporters.JUnitReportReporter -->
<testsuite hostname="Vivek" failures="0" tests="1" name="Services.CreateNewService" time="6.596" errors="0" timestamp="2023-07-24T23:10:57 IST" skipped="0">
  <testcase classname="Services.CreateNewService" name="createNewServices" time="6.596"/>
  <system-out/>
</testsuite> <!-- Services.CreateNewService -->
