<?xml version="1.0" encoding="UTF-8"?>
<!-- Generated by org.testng.reporters.JUnitReportReporter -->
<testsuite hostname="Vivek" failures="0" tests="1" name="TroubleTickets.CreateNewTroubleTicketWithProductTest" time="31.430" errors="0" timestamp="2023-07-15T20:43:56 IST" skipped="0">
  <testcase classname="TroubleTickets.CreateNewTroubleTicketWithProductTest" name="createNewTroubleTicketWithProductTest" time="31.430"/>
  <system-out/>
</testsuite> <!-- TroubleTickets.CreateNewTroubleTicketWithProductTest -->
