<?xml version="1.0" encoding="UTF-8"?>
<!-- Generated by org.testng.reporters.JUnitReportReporter -->
<testsuite hostname="Vivek" failures="0" tests="1" name="Campaigns.CreateCampaignsTest" time="17.132" errors="0" timestamp="2023-08-06T00:57:00 IST" skipped="0">
  <testcase classname="Campaigns.CreateCampaignsTest" name="createCampaignsTest" time="17.132"/>
  <system-out>
    <![CDATA[Campaings created.]]>
  </system-out>
</testsuite> <!-- Campaigns.CreateCampaignsTest -->
