<?xml version="1.0" encoding="UTF-8"?>
<!-- Generated by org.testng.reporters.JUnitReportReporter -->
<testsuite hostname="Vivek" failures="0" tests="1" name="Campaigns.CreateCampaignsTest" time="10.689" errors="0" timestamp="2023-07-07T23:46:18 IST" skipped="0">
  <testcase classname="Campaigns.CreateCampaignsTest" name="createCampaignsTest" time="10.689"/>
  <system-out>
    <![CDATA[Campaings created.]]>
  </system-out>
</testsuite> <!-- Campaigns.CreateCampaignsTest -->
