<?xml version="1.0" encoding="UTF-8"?>
<!-- Generated by org.testng.reporters.JUnitReportReporter -->
<testsuite hostname="Vivek" failures="0" tests="1" name="Opportunities.CreateOpprtunitiesWithContactsTest" time="41.330" errors="0" timestamp="2023-07-14T12:02:24 IST" skipped="0">
  <testcase classname="Opportunities.CreateOpprtunitiesWithContactsTest" name="createOpprtunitiesWithContactsTest" time="41.330"/>
  <system-out/>
</testsuite> <!-- Opportunities.CreateOpprtunitiesWithContactsTest -->
