<?xml version="1.0" encoding="UTF-8"?>
<!-- Generated by org.testng.reporters.JUnitReportReporter -->
<testsuite hostname="Vivek" failures="0" tests="1" name="TroubleTickets.CreateTroubleTicketsWithOrgTest" time="17.066" errors="0" timestamp="2023-07-15T18:21:30 IST" skipped="0">
  <testcase classname="TroubleTickets.CreateTroubleTicketsWithOrgTest" name="createTroubleTicketsWithOrgTest" time="17.066"/>
  <system-out>
    <![CDATA[Organisation & Industry entered successful]]>
  </system-out>
</testsuite> <!-- TroubleTickets.CreateTroubleTicketsWithOrgTest -->
