<?xml version="1.0" encoding="UTF-8"?>
<!-- Generated by org.testng.reporters.JUnitReportReporter -->
<<<<<<< HEAD
<testsuite hostname="Vivek" failures="0" tests="1" name="Opportunities.CreateOpportunitiesTest" time="35.845" errors="0" timestamp="2023-07-05T13:47:41 IST" skipped="0">
  <testcase classname="Opportunities.CreateOpportunitiesTest" name="createOpportunitiesTest" time="35.845"/>
=======
>>>>>>> branch 'Opprtunities_Module' of https://github.com/vivekmendhe022/VTiger-ProjectV3.0.0.git
  <system-out>
    <![CDATA[Opportunities page is diplayed.
Creating New Opportunity page is displyed.]]>
  </system-out>
</testsuite> <!-- Opportunities.CreateOpportunitiesTest -->
