<?xml version="1.0" encoding="UTF-8"?>
<!-- Generated by org.testng.reporters.JUnitReportReporter -->
<testsuite hostname="Vivek" failures="0" tests="1" name="object.repository.opportunities.AdvanceSearchOpprtunityTest" time="9.940" errors="0" timestamp="2023-07-08T15:44:07 IST" skipped="0">
  <testcase classname="object.repository.opportunities.AdvanceSearchOpprtunityTest" name="searchAdvanceOpprtunityTest" time="9.940"/>
  <system-out/>
</testsuite> <!-- object.repository.opportunities.AdvanceSearchOpprtunityTest -->
