<?xml version="1.0" encoding="UTF-8"?>
<!-- Generated by org.testng.reporters.JUnitReportReporter -->
<testsuite hostname="Vivek" failures="0" tests="1" name="Documents.CreateDocumentUsingDownloadTypeTest" time="21.168" errors="0" timestamp="2023-07-14T12:02:24 IST" skipped="0">
  <testcase classname="Documents.CreateDocumentUsingDownloadTypeTest" name="createDocumentTest" time="21.168"/>
  <system-out/>
</testsuite> <!-- Documents.CreateDocumentUsingDownloadTypeTest -->
