<?xml version="1.0" encoding="UTF-8"?>
<!-- Generated by org.testng.reporters.JUnitReportReporter -->
<testsuite hostname="Vivek" failures="0" tests="1" name="Services.CreateNewService" time="8.412" errors="0" timestamp="2023-07-25T19:31:31 IST" skipped="0">
  <testcase classname="Services.CreateNewService" name="createNewServices" time="8.412"/>
  <system-out/>
</testsuite> <!-- Services.CreateNewService -->
