<?xml version="1.0" encoding="UTF-8"?>
<!-- Generated by org.testng.reporters.JUnitReportReporter -->
<testsuite hostname="Vivek" failures="0" tests="1" name="Opportunities.Demo2" time="3.359" errors="0" timestamp="2023-07-03T22:47:57 IST" skipped="0">
  <testcase classname="Opportunities.Demo2" name="demo2" time="3.359"/>
  <system-out/>
</testsuite> <!-- Opportunities.Demo2 -->
