<?xml version="1.0" encoding="UTF-8"?>
<!-- Generated by org.testng.reporters.JUnitReportReporter -->
<testsuite hostname="Vivek" failures="0" tests="1" name="Campaigns.CreateCampaignsTest" time="21.464" errors="0" timestamp="2023-07-14T12:02:24 IST" skipped="0">
  <testcase classname="Campaigns.CreateCampaignsTest" name="createCampaignsTest" time="21.464"/>
  <system-out>
    <![CDATA[Campaings created.]]>
  </system-out>
</testsuite> <!-- Campaigns.CreateCampaignsTest -->
