<?xml version="1.0" encoding="UTF-8"?>
<!-- Generated by org.testng.reporters.JUnitReportReporter -->
<testsuite hostname="Vivek" failures="0" tests="1" name="TroubleTickets.CreateTroubleTicketsTest" time="8.286" errors="0" timestamp="2023-07-15T16:30:49 IST" skipped="0">
  <testcase classname="TroubleTickets.CreateTroubleTicketsTest" name="createTroubleTicketsTest" time="8.286"/>
  <system-out/>
</testsuite> <!-- TroubleTickets.CreateTroubleTicketsTest -->
