<?xml version="1.0" encoding="UTF-8"?>
<!-- Generated by org.testng.reporters.JUnitReportReporter -->
<testsuite hostname="Vivek" failures="0" tests="1" name="Opportunities.EditOpportunitiesWithCampaignTest" time="66.767" errors="0" timestamp="2023-07-08T16:08:05 IST" skipped="0">
  <testcase classname="Opportunities.EditOpportunitiesWithCampaignTest" name="editOpportunitiesWithCampaignTest" time="66.767"/>
  <system-out>
    <![CDATA[Opportunities page is diplayed.
Creating New Opportunity page is displyed.
Opprtunity created
Campaigns Created.]]>
  </system-out>
</testsuite> <!-- Opportunities.EditOpportunitiesWithCampaignTest -->
