<?xml version="1.0" encoding="UTF-8"?>
<!-- Generated by org.testng.reporters.JUnitReportReporter -->
<testsuite hostname="Vivek" failures="0" tests="1" name="Services.CreateNewService" time="17.952" errors="0" timestamp="2023-08-06T00:57:00 IST" skipped="0">
  <testcase classname="Services.CreateNewService" name="createNewServices" time="17.952"/>
  <system-out/>
</testsuite> <!-- Services.CreateNewService -->
