<?xml version="1.0" encoding="UTF-8"?>
<!-- Generated by org.testng.reporters.JUnitReportReporter -->
<testsuite hostname="Vivek" failures="0" tests="1" name="Vendors.CreateNewVendorsTest" time="9.952" errors="0" timestamp="2023-08-19T21:41:30 IST" skipped="0">
  <testcase classname="Vendors.CreateNewVendorsTest" name="createNewVendorsTest" time="9.952"/>
  <system-out/>
</testsuite> <!-- Vendors.CreateNewVendorsTest -->
