<?xml version="1.0" encoding="UTF-8"?>
<!-- Generated by org.testng.reporters.JUnitReportReporter -->
<testsuite hostname="Vivek" failures="0" tests="1" name="Contacts.CreateContactTest" time="21.327" errors="0" timestamp="2023-07-07T23:49:14 IST" skipped="0">
  <testcase classname="Contacts.CreateContactTest" name="createContactTest" time="21.327"/>
  <system-out>
    <![CDATA[Organisation link click successful
Create Organisation look up IMG link click successful
Organisation & Industry entered successful
Bipro979 create successfully...!
Contacts page display
Contacts page click Successful
Lasname & Orgname entered Successful
Gandhi979 create successfully...!]]>
  </system-out>
</testsuite> <!-- Contacts.CreateContactTest -->
