<?xml version="1.0" encoding="UTF-8"?>
<!-- Generated by org.testng.reporters.JUnitReportReporter -->
<testsuite hostname="Vivek" failures="0" tests="1" name="Opportunities.CreateOpprtunitiesWithContactsTest" time="23.010" errors="0" timestamp="2023-07-03T23:32:39 IST" skipped="0">
  <testcase classname="Opportunities.CreateOpprtunitiesWithContactsTest" name="createOpprtunitiesWithContactsTest" time="23.010"/>
  <system-out/>
</testsuite> <!-- Opportunities.CreateOpprtunitiesWithContactsTest -->
