<?xml version="1.0" encoding="UTF-8"?>
<!-- Generated by org.testng.reporters.JUnitReportReporter -->
<testsuite hostname="Vivek" failures="0" tests="1" name="Documents.CreateDocumentUsingDescriptionTest" time="21.814" errors="0" timestamp="2023-07-14T12:07:07 IST" skipped="0">
  <testcase classname="Documents.CreateDocumentUsingDescriptionTest" name="createDocumentTest" time="21.814"/>
  <system-out/>
</testsuite> <!-- Documents.CreateDocumentUsingDescriptionTest -->
