<?xml version="1.0" encoding="UTF-8"?>
<!-- Generated by org.testng.reporters.JUnitReportReporter -->
<testsuite hostname="Vivek" failures="0" tests="1" name="Documents.CreateDoucumentTest" time="9.634" errors="0" timestamp="2023-08-19T21:41:30 IST" skipped="0">
  <testcase classname="Documents.CreateDoucumentTest" name="createDocumentTest" time="9.634"/>
  <system-out/>
</testsuite> <!-- Documents.CreateDoucumentTest -->
