<?xml version="1.0" encoding="UTF-8"?>
<!-- Generated by org.testng.reporters.JUnitReportReporter -->
<testsuite hostname="Vivek" failures="0" tests="1" name="Product.CreateProductTest" time="10.586" errors="0" timestamp="2023-08-19T21:41:30 IST" skipped="0">
  <testcase classname="Product.CreateProductTest" name="createProductTest" time="10.586"/>
  <system-out/>
</testsuite> <!-- Product.CreateProductTest -->
