<?xml version="1.0" encoding="UTF-8"?>
<!-- Generated by org.testng.reporters.JUnitReportReporter -->
<testsuite hostname="Vivek" failures="0" tests="1" name="Organisation.EditOrganizationTest" time="30.358" errors="0" timestamp="2023-08-07T23:35:44 IST" skipped="0">
  <testcase classname="Organisation.EditOrganizationTest" name="editOrganizationTest" time="30.358"/>
  <system-out/>
</testsuite> <!-- Organisation.EditOrganizationTest -->
