<?xml version="1.0" encoding="UTF-8"?>
<!-- Generated by org.testng.reporters.JUnitReportReporter -->
<testsuite hostname="Vivek" failures="0" tests="1" name="Documents.CreateDocumentUsingUploadFileTest" time="26.630" errors="0" timestamp="2023-07-14T12:07:07 IST" skipped="0">
  <testcase classname="Documents.CreateDocumentUsingUploadFileTest" name="createDocumentTest" time="26.630"/>
  <system-out/>
</testsuite> <!-- Documents.CreateDocumentUsingUploadFileTest -->
