<?xml version="1.0" encoding="UTF-8"?>
<!-- Generated by org.testng.reporters.JUnitReportReporter -->
<testsuite hostname="Vivek" failures="0" tests="1" name="Services.CreateNewService" time="10.126" errors="0" timestamp="2023-08-19T21:41:30 IST" skipped="0">
  <testcase classname="Services.CreateNewService" name="createNewServices" time="10.126"/>
  <system-out/>
</testsuite> <!-- Services.CreateNewService -->
