<?xml version="1.0" encoding="UTF-8"?>
<!-- Generated by org.testng.reporters.JUnitReportReporter -->
<testsuite hostname="Vivek" failures="0" tests="1" name="Organisation.CreateOrganizationWithChemicalsTest" time="28.005" errors="0" timestamp="2023-06-24T23:27:30 IST" skipped="0">
  <testcase classname="Organisation.CreateOrganizationWithChemicalsTest" name="createOrganizationWithChemicalsTest" time="28.005"/>
  <system-out>
    <![CDATA[Organisation link click successful
Create Organisation look up IMG link click successful
Organisation & Industry entered successful
Bipro227 create successfully...!]]>
  </system-out>
</testsuite> <!-- Organisation.CreateOrganizationWithChemicalsTest -->
